7214:C 18 Jul 2025 17:02:34.676 # oO0OoO0OoO0Oo Redis is starting oO0OoO0OoO0Oo
7214:C 18 Jul 2025 17:02:34.677 # Redis version=6.0.16, bits=64, commit=00000000, modified=0, pid=7214, just started
7214:C 18 Jul 2025 17:02:34.677 # Warning: no config file specified, using the default config. In order to specify a config file use redis-server /path/to/redis.conf
7214:M 18 Jul 2025 17:02:34.680 * Running mode=standalone, port=6379.
7214:M 18 Jul 2025 17:02:34.680 # Server initialized
7214:M 18 Jul 2025 17:02:34.680 # WARNING overcommit_memory is set to 0! Background save may fail under low memory condition. To fix this issue add 'vm.overcommit_memory = 1' to /etc/sysctl.conf and then reboot or run the command 'sysctl vm.overcommit_memory=1' for this to take effect.
7214:M 18 Jul 2025 17:02:34.681 * Ready to accept connections
8829:C 18 Jul 2025 17:05:30.600 # oO0OoO0OoO0Oo Redis is starting oO0OoO0OoO0Oo
8829:C 18 Jul 2025 17:05:30.600 # Redis version=6.0.16, bits=64, commit=00000000, modified=0, pid=8829, just started
8829:C 18 Jul 2025 17:05:30.600 # Warning: no config file specified, using the default config. In order to specify a config file use redis-server /path/to/redis.conf
8829:M 18 Jul 2025 17:05:30.602 * Running mode=standalone, port=6379.
8829:M 18 Jul 2025 17:05:30.602 # Server initialized
8829:M 18 Jul 2025 17:05:30.602 # WARNING overcommit_memory is set to 0! Background save may fail under low memory condition. To fix this issue add 'vm.overcommit_memory = 1' to /etc/sysctl.conf and then reboot or run the command 'sysctl vm.overcommit_memory=1' for this to take effect.
8829:M 18 Jul 2025 17:05:30.603 * Ready to accept connections
15071:C 18 Jul 2025 17:35:41.702 # oO0OoO0OoO0Oo Redis is starting oO0OoO0OoO0Oo
15071:C 18 Jul 2025 17:35:41.703 # Redis version=6.0.16, bits=64, commit=00000000, modified=0, pid=15071, just started
15071:C 18 Jul 2025 17:35:41.703 # Warning: no config file specified, using the default config. In order to specify a config file use redis-server /path/to/redis.conf
15071:M 18 Jul 2025 17:35:41.704 * Running mode=standalone, port=6379.
15071:M 18 Jul 2025 17:35:41.704 # Server initialized
15071:M 18 Jul 2025 17:35:41.704 # WARNING overcommit_memory is set to 0! Background save may fail under low memory condition. To fix this issue add 'vm.overcommit_memory = 1' to /etc/sysctl.conf and then reboot or run the command 'sysctl vm.overcommit_memory=1' for this to take effect.
15071:M 18 Jul 2025 17:35:41.706 * Ready to accept connections
15071:M 18 Jul 2025 18:35:42.069 * 1 changes in 3600 seconds. Saving...
15071:M 18 Jul 2025 18:35:42.071 * Background saving started by pid 28061
28061:C 18 Jul 2025 18:35:42.078 * DB saved on disk
28061:C 18 Jul 2025 18:35:42.079 * RDB: 0 MB of memory used by copy-on-write
15071:M 18 Jul 2025 18:35:42.172 * Background saving terminated with success
446:C 24 Jul 2025 09:16:36.749 # oO0OoO0OoO0Oo Redis is starting oO0OoO0OoO0Oo
446:C 24 Jul 2025 09:16:36.749 # Redis version=6.0.16, bits=64, commit=00000000, modified=0, pid=446, just started
446:C 24 Jul 2025 09:16:36.749 # Warning: no config file specified, using the default config. In order to specify a config file use redis-server /path/to/redis.conf
446:M 24 Jul 2025 09:16:36.756 * Running mode=standalone, port=6379.
446:M 24 Jul 2025 09:16:36.756 # Server initialized
446:M 24 Jul 2025 09:16:36.756 # WARNING overcommit_memory is set to 0! Background save may fail under low memory condition. To fix this issue add 'vm.overcommit_memory = 1' to /etc/sysctl.conf and then reboot or run the command 'sysctl vm.overcommit_memory=1' for this to take effect.
446:M 24 Jul 2025 09:16:36.758 * Loading RDB produced by version 6.0.16
446:M 24 Jul 2025 09:16:36.758 * RDB age 484854 seconds
446:M 24 Jul 2025 09:16:36.758 * RDB memory usage when created 0.77 Mb
446:M 24 Jul 2025 09:16:36.759 * DB loaded from disk: 0.002 seconds
446:M 24 Jul 2025 09:16:36.759 * Ready to accept connections
446:M 24 Jul 2025 09:16:42.990 # Possible SECURITY ATTACK detected. It looks like somebody is sending POST or Host: commands to Redis. This is likely due to an attacker attempting to use Cross Protocol Scripting to compromise your Redis instance. Connection aborted.
5386:C 24 Jul 2025 09:30:11.387 # oO0OoO0OoO0Oo Redis is starting oO0OoO0OoO0Oo
5386:C 24 Jul 2025 09:30:11.388 # Redis version=6.0.16, bits=64, commit=00000000, modified=0, pid=5386, just started
5386:C 24 Jul 2025 09:30:11.388 # Warning: no config file specified, using the default config. In order to specify a config file use redis-server /path/to/redis.conf
5386:M 24 Jul 2025 09:30:11.390 * Running mode=standalone, port=6379.
5386:M 24 Jul 2025 09:30:11.390 # Server initialized
5386:M 24 Jul 2025 09:30:11.390 # WARNING overcommit_memory is set to 0! Background save may fail under low memory condition. To fix this issue add 'vm.overcommit_memory = 1' to /etc/sysctl.conf and then reboot or run the command 'sysctl vm.overcommit_memory=1' for this to take effect.
5386:M 24 Jul 2025 09:30:11.391 * Loading RDB produced by version 6.0.16
5386:M 24 Jul 2025 09:30:11.391 * RDB age 485669 seconds
5386:M 24 Jul 2025 09:30:11.391 * RDB memory usage when created 0.77 Mb
5386:M 24 Jul 2025 09:30:11.391 * DB loaded from disk: 0.001 seconds
5386:M 24 Jul 2025 09:30:11.391 * Ready to accept connections
16453:C 24 Jul 2025 10:04:53.550 # oO0OoO0OoO0Oo Redis is starting oO0OoO0OoO0Oo
16453:C 24 Jul 2025 10:04:53.551 # Redis version=6.0.16, bits=64, commit=00000000, modified=0, pid=16453, just started
16453:C 24 Jul 2025 10:04:53.551 # Warning: no config file specified, using the default config. In order to specify a config file use redis-server /path/to/redis.conf
16453:M 24 Jul 2025 10:04:53.552 # Could not create server TCP listening socket *:6379: bind: Address already in use
17081:C 24 Jul 2025 10:06:44.080 # oO0OoO0OoO0Oo Redis is starting oO0OoO0OoO0Oo
17081:C 24 Jul 2025 10:06:44.080 # Redis version=6.0.16, bits=64, commit=00000000, modified=0, pid=17081, just started
17081:C 24 Jul 2025 10:06:44.080 # Warning: no config file specified, using the default config. In order to specify a config file use redis-server /path/to/redis.conf
17081:M 24 Jul 2025 10:06:44.083 * Running mode=standalone, port=6379.
17081:M 24 Jul 2025 10:06:44.083 # Server initialized
17081:M 24 Jul 2025 10:06:44.083 # WARNING overcommit_memory is set to 0! Background save may fail under low memory condition. To fix this issue add 'vm.overcommit_memory = 1' to /etc/sysctl.conf and then reboot or run the command 'sysctl vm.overcommit_memory=1' for this to take effect.
17081:M 24 Jul 2025 10:06:44.085 * Loading RDB produced by version 6.0.16
17081:M 24 Jul 2025 10:06:44.085 * RDB age 487862 seconds
17081:M 24 Jul 2025 10:06:44.085 * RDB memory usage when created 0.77 Mb
17081:M 24 Jul 2025 10:06:44.085 * DB loaded from disk: 0.001 seconds
17081:M 24 Jul 2025 10:06:44.085 * Ready to accept connections
17577:C 24 Jul 2025 10:08:01.944 # oO0OoO0OoO0Oo Redis is starting oO0OoO0OoO0Oo
17577:C 24 Jul 2025 10:08:01.944 # Redis version=6.0.16, bits=64, commit=00000000, modified=0, pid=17577, just started
17577:C 24 Jul 2025 10:08:01.944 # Warning: no config file specified, using the default config. In order to specify a config file use redis-server /path/to/redis.conf
17577:M 24 Jul 2025 10:08:01.946 * Running mode=standalone, port=6379.
17577:M 24 Jul 2025 10:08:01.946 # Server initialized
17577:M 24 Jul 2025 10:08:01.946 # WARNING overcommit_memory is set to 0! Background save may fail under low memory condition. To fix this issue add 'vm.overcommit_memory = 1' to /etc/sysctl.conf and then reboot or run the command 'sysctl vm.overcommit_memory=1' for this to take effect.
17577:M 24 Jul 2025 10:08:01.946 * Loading RDB produced by version 6.0.16
17577:M 24 Jul 2025 10:08:01.947 * RDB age 487939 seconds
17577:M 24 Jul 2025 10:08:01.947 * RDB memory usage when created 0.77 Mb
17577:M 24 Jul 2025 10:08:01.947 * DB loaded from disk: 0.000 seconds
17577:M 24 Jul 2025 10:08:01.947 * Ready to accept connections
27597:C 24 Jul 2025 10:47:17.764 # oO0OoO0OoO0Oo Redis is starting oO0OoO0OoO0Oo
27597:C 24 Jul 2025 10:47:17.764 # Redis version=6.0.16, bits=64, commit=00000000, modified=0, pid=27597, just started
27597:C 24 Jul 2025 10:47:17.764 # Warning: no config file specified, using the default config. In order to specify a config file use redis-server /path/to/redis.conf
27597:M 24 Jul 2025 10:47:17.770 * Running mode=standalone, port=6379.
27597:M 24 Jul 2025 10:47:17.770 # Server initialized
27597:M 24 Jul 2025 10:47:17.770 # WARNING overcommit_memory is set to 0! Background save may fail under low memory condition. To fix this issue add 'vm.overcommit_memory = 1' to /etc/sysctl.conf and then reboot or run the command 'sysctl vm.overcommit_memory=1' for this to take effect.
27597:M 24 Jul 2025 10:47:17.771 * Loading RDB produced by version 6.0.16
27597:M 24 Jul 2025 10:47:17.771 * RDB age 490295 seconds
27597:M 24 Jul 2025 10:47:17.771 * RDB memory usage when created 0.77 Mb
27597:M 24 Jul 2025 10:47:17.771 * DB loaded from disk: 0.000 seconds
27597:M 24 Jul 2025 10:47:17.771 * Ready to accept connections
27597:M 24 Jul 2025 11:47:18.026 * 1 changes in 3600 seconds. Saving...
27597:M 24 Jul 2025 11:47:18.030 * Background saving started by pid 13568
13568:C 24 Jul 2025 11:47:18.039 * DB saved on disk
13568:C 24 Jul 2025 11:47:18.041 * RDB: 0 MB of memory used by copy-on-write
27597:M 24 Jul 2025 11:47:18.131 * Background saving terminated with success
191:C 24 Jul 2025 11:49:22.573 # oO0OoO0OoO0Oo Redis is starting oO0OoO0OoO0Oo
191:C 24 Jul 2025 11:49:22.574 # Redis version=6.0.16, bits=64, commit=00000000, modified=0, pid=191, just started
191:C 24 Jul 2025 11:49:22.574 # Warning: no config file specified, using the default config. In order to specify a config file use redis-server /path/to/redis.conf
191:M 24 Jul 2025 11:49:22.577 * Running mode=standalone, port=6379.
191:M 24 Jul 2025 11:49:22.578 # Server initialized
191:M 24 Jul 2025 11:49:22.578 # WARNING overcommit_memory is set to 0! Background save may fail under low memory condition. To fix this issue add 'vm.overcommit_memory = 1' to /etc/sysctl.conf and then reboot or run the command 'sysctl vm.overcommit_memory=1' for this to take effect.
191:M 24 Jul 2025 11:49:22.580 * Loading RDB produced by version 6.0.16
191:M 24 Jul 2025 11:49:22.580 * RDB age 124 seconds
191:M 24 Jul 2025 11:49:22.580 * RDB memory usage when created 0.77 Mb
191:M 24 Jul 2025 11:49:22.580 * DB loaded from disk: 0.001 seconds
191:M 24 Jul 2025 11:49:22.580 * Ready to accept connections
191:M 24 Jul 2025 12:49:23.057 * 1 changes in 3600 seconds. Saving...
191:M 24 Jul 2025 12:49:23.060 * Background saving started by pid 13383
13383:C 24 Jul 2025 12:49:23.067 * DB saved on disk
13383:C 24 Jul 2025 12:49:23.068 * RDB: 0 MB of memory used by copy-on-write
191:M 24 Jul 2025 12:49:23.161 * Background saving terminated with success
191:M 24 Jul 2025 13:49:24.092 * 1 changes in 3600 seconds. Saving...
191:M 24 Jul 2025 13:49:24.093 * Background saving started by pid 25204
25204:C 24 Jul 2025 13:49:24.101 * DB saved on disk
25204:C 24 Jul 2025 13:49:24.101 * RDB: 0 MB of memory used by copy-on-write
191:M 24 Jul 2025 13:49:24.194 * Background saving terminated with success
191:M 24 Jul 2025 15:25:44.300 * 1 changes in 3600 seconds. Saving...
191:M 24 Jul 2025 15:25:44.303 * Background saving started by pid 14127
14127:C 24 Jul 2025 15:25:44.310 * DB saved on disk
14127:C 24 Jul 2025 15:25:44.312 * RDB: 0 MB of memory used by copy-on-write
191:M 24 Jul 2025 15:25:44.404 * Background saving terminated with success
8927:C 24 Jul 2025 17:37:24.729 # oO0OoO0OoO0Oo Redis is starting oO0OoO0OoO0Oo
8927:C 24 Jul 2025 17:37:24.730 # Redis version=6.0.16, bits=64, commit=00000000, modified=0, pid=8927, just started
8927:C 24 Jul 2025 17:37:24.730 # Warning: no config file specified, using the default config. In order to specify a config file use redis-server /path/to/redis.conf
8927:M 24 Jul 2025 17:37:24.735 * Running mode=standalone, port=6379.
8927:M 24 Jul 2025 17:37:24.735 # Server initialized
8927:M 24 Jul 2025 17:37:24.735 # WARNING overcommit_memory is set to 0! Background save may fail under low memory condition. To fix this issue add 'vm.overcommit_memory = 1' to /etc/sysctl.conf and then reboot or run the command 'sysctl vm.overcommit_memory=1' for this to take effect.
8927:M 24 Jul 2025 17:37:24.737 * Loading RDB produced by version 6.0.16
8927:M 24 Jul 2025 17:37:24.737 * RDB age 7900 seconds
8927:M 24 Jul 2025 17:37:24.737 * RDB memory usage when created 0.79 Mb
8927:M 24 Jul 2025 17:37:24.738 * DB loaded from disk: 0.002 seconds
8927:M 24 Jul 2025 17:37:24.738 * Ready to accept connections
20789:C 24 Jul 2025 18:15:48.873 # oO0OoO0OoO0Oo Redis is starting oO0OoO0OoO0Oo
20789:C 24 Jul 2025 18:15:48.873 # Redis version=6.0.16, bits=64, commit=00000000, modified=0, pid=20789, just started
20789:C 24 Jul 2025 18:15:48.873 # Warning: no config file specified, using the default config. In order to specify a config file use redis-server /path/to/redis.conf
20789:M 24 Jul 2025 18:15:48.875 * Running mode=standalone, port=6379.
20789:M 24 Jul 2025 18:15:48.875 # Server initialized
20789:M 24 Jul 2025 18:15:48.875 # WARNING overcommit_memory is set to 0! Background save may fail under low memory condition. To fix this issue add 'vm.overcommit_memory = 1' to /etc/sysctl.conf and then reboot or run the command 'sysctl vm.overcommit_memory=1' for this to take effect.
20789:M 24 Jul 2025 18:15:48.876 * Loading RDB produced by version 6.0.16
20789:M 24 Jul 2025 18:15:48.876 * RDB age 10204 seconds
20789:M 24 Jul 2025 18:15:48.876 * RDB memory usage when created 0.79 Mb
20789:M 24 Jul 2025 18:15:48.876 * DB loaded from disk: 0.000 seconds
20789:M 24 Jul 2025 18:15:48.876 * Ready to accept connections
20789:M 25 Jul 2025 09:06:46.220 * 1 changes in 3600 seconds. Saving...
20789:M 25 Jul 2025 09:06:46.222 * Background saving started by pid 1185
1185:C 25 Jul 2025 09:06:46.230 * DB saved on disk
1185:C 25 Jul 2025 09:06:46.232 * RDB: 0 MB of memory used by copy-on-write
20789:M 25 Jul 2025 09:06:46.322 * Background saving terminated with success
